0 info it worked if it ends with ok
1 verbose cli [ '/Users/craig/.nvm/versions/node/v4.3.0/bin/node',
1 verbose cli   '/Users/craig/.nvm/versions/node/v4.3.0/bin/npm',
1 verbose cli   'publish' ]
2 info using npm@3.8.7
3 info using node@v4.3.0
4 verbose publish [ '.' ]
5 silly cache add args [ '.', null ]
6 verbose cache add spec .
7 silly cache add parsed spec Result {
7 silly cache add   raw: '.',
7 silly cache add   scope: null,
7 silly cache add   name: null,
7 silly cache add   rawSpec: '.',
7 silly cache add   spec: '/Users/craig/Code/ethereum-address',
7 silly cache add   type: 'directory' }
8 verbose addLocalDirectory /Users/craig/.npm/ethereum-address/0.0.2/package.tgz not in flight; packing
9 verbose correctMkdir /Users/craig/.npm correctMkdir not in flight; initializing
10 info lifecycle ethereum-address@0.0.2~prepublish: ethereum-address@0.0.2
11 silly lifecycle ethereum-address@0.0.2~prepublish: no script for prepublish, continuing
12 verbose tar pack [ '/Users/craig/.npm/ethereum-address/0.0.2/package.tgz',
12 verbose tar pack   '/Users/craig/Code/ethereum-address' ]
13 verbose tarball /Users/craig/.npm/ethereum-address/0.0.2/package.tgz
14 verbose folder /Users/craig/Code/ethereum-address
15 verbose addLocalTarball adding from inside cache /Users/craig/.npm/ethereum-address/0.0.2/package.tgz
16 verbose correctMkdir /Users/craig/.npm correctMkdir not in flight; initializing
17 silly cache afterAdd ethereum-address@0.0.2
18 verbose afterAdd /Users/craig/.npm/ethereum-address/0.0.2/package/package.json not in flight; writing
19 verbose correctMkdir /Users/craig/.npm correctMkdir not in flight; initializing
20 verbose afterAdd /Users/craig/.npm/ethereum-address/0.0.2/package/package.json written
21 silly publish { author: { name: 'Craig Hammell', email: 'cilphex@gmail.com' },
21 silly publish   name: 'ethereum-address',
21 silly publish   description: 'Ethereum address validation',
21 silly publish   version: '0.0.2',
21 silly publish   engineStrict: true,
21 silly publish   engines: { npm: '>= 3.7.0', node: '4.3.0' },
21 silly publish   homepage: 'https://github.com/cilphex/ethereum-address',
21 silly publish   repository:
21 silly publish    { type: 'git',
21 silly publish      url: 'git://github.com/cilphex/ethereum-address.git' },
21 silly publish   license: 'MIT',
21 silly publish   main: 'index',
21 silly publish   dependencies: { 'crypto-js': '^3.1.6' },
21 silly publish   devDependencies: { mocha: '^2.4.5' },
21 silly publish   scripts: { test: 'mocha test/index.js' },
21 silly publish   readme: '# ethereum-address\n\nEthereum address validation\n\nThis is a clone of the [web3.js](https://github.com/ethereum/web3.js)\n[`isAddress`](https://github.com/ethereum/web3.js/blob/master/lib/utils/utils.js)\nutility method, but without the rest of web3.js.\n\n## Install\n\n```\nnpm install ethereum-address\n```\n\n## Usage\n\n```javascript\nvar ethereum_address = require(\'ethereum-address\');\n\nif (ethereum_address.isAddress(value)) {\n  console.log(\'Valid ethereum address.\');\n}\nelse {\n  console.log(\'Invalid Ethereum address.\');\n}\n```\n\n## API\n\n### isAddress (address)\n\nReturns true if the address (string) is an Ethereum address\n\n### isChecksumAddress (address)\n\nReturns true if the address (string) is an Ethereum checksum address\n',
21 silly publish   readmeFilename: 'README.md',
21 silly publish   gitHead: '409300fb24b8e2d5b3773006ccd51ade9d6f1328',
21 silly publish   bugs: { url: 'https://github.com/cilphex/ethereum-address/issues' },
21 silly publish   _id: 'ethereum-address@0.0.2',
21 silly publish   _shasum: '8626934afdee6b70cd4c1a7610436e49dd87c0c8',
21 silly publish   _from: '.' }
22 verbose getPublishConfig undefined
23 silly mapToRegistry name ethereum-address
24 silly mapToRegistry using default registry
25 silly mapToRegistry registry https://registry.npmjs.org/
26 silly mapToRegistry data Result {
26 silly mapToRegistry   raw: 'ethereum-address',
26 silly mapToRegistry   scope: null,
26 silly mapToRegistry   name: 'ethereum-address',
26 silly mapToRegistry   rawSpec: '',
26 silly mapToRegistry   spec: 'latest',
26 silly mapToRegistry   type: 'tag' }
27 silly mapToRegistry uri https://registry.npmjs.org/ethereum-address
28 verbose publish registryBase https://registry.npmjs.org/
29 silly publish uploading /Users/craig/.npm/ethereum-address/0.0.2/package.tgz
30 verbose request uri https://registry.npmjs.org/ethereum-address
31 verbose request sending authorization for write operation
32 info attempt registry request try #1 at 7:44:15 PM
33 verbose request using bearer token for auth
34 verbose request id 04e3e87b319d2bb5
35 http request PUT https://registry.npmjs.org/ethereum-address
36 http 403 https://registry.npmjs.org/ethereum-address
37 verbose headers { 'content-type': 'application/json',
37 verbose headers   'cache-control': 'max-age=300',
37 verbose headers   'content-length': '95',
37 verbose headers   'accept-ranges': 'bytes',
37 verbose headers   date: 'Wed, 27 Apr 2016 02:44:16 GMT',
37 verbose headers   via: '1.1 varnish',
37 verbose headers   connection: 'keep-alive',
37 verbose headers   'x-served-by': 'cache-dfw1830-DFW',
37 verbose headers   'x-cache': 'MISS',
37 verbose headers   'x-cache-hits': '0',
37 verbose headers   'x-timer': 'S1461725055.459099,VS0,VE1056',
37 verbose headers   vary: 'Accept-Encoding' }
38 verbose request invalidating /Users/craig/.npm/registry.npmjs.org/ethereum-address on PUT
39 error publish Failed PUT 403
40 verbose stack Error: "You cannot publish over the previously published version 0.0.2." : ethereum-address
40 verbose stack     at makeError (/Users/craig/.nvm/versions/node/v4.3.0/lib/node_modules/npm/node_modules/npm-registry-client/lib/request.js:264:12)
40 verbose stack     at CachingRegistryClient.<anonymous> (/Users/craig/.nvm/versions/node/v4.3.0/lib/node_modules/npm/node_modules/npm-registry-client/lib/request.js:252:14)
40 verbose stack     at Request._callback (/Users/craig/.nvm/versions/node/v4.3.0/lib/node_modules/npm/node_modules/npm-registry-client/lib/request.js:172:14)
40 verbose stack     at Request.self.callback (/Users/craig/.nvm/versions/node/v4.3.0/lib/node_modules/npm/node_modules/request/request.js:200:22)
40 verbose stack     at emitTwo (events.js:87:13)
40 verbose stack     at Request.emit (events.js:172:7)
40 verbose stack     at Request.<anonymous> (/Users/craig/.nvm/versions/node/v4.3.0/lib/node_modules/npm/node_modules/request/request.js:1041:10)
40 verbose stack     at emitOne (events.js:82:20)
40 verbose stack     at Request.emit (events.js:169:7)
40 verbose stack     at IncomingMessage.<anonymous> (/Users/craig/.nvm/versions/node/v4.3.0/lib/node_modules/npm/node_modules/request/request.js:968:12)
41 verbose statusCode 403
42 verbose pkgid ethereum-address
43 verbose cwd /Users/craig/Code/ethereum-address
44 error Darwin 15.4.0
45 error argv "/Users/craig/.nvm/versions/node/v4.3.0/bin/node" "/Users/craig/.nvm/versions/node/v4.3.0/bin/npm" "publish"
46 error node v4.3.0
47 error npm  v3.8.7
48 error code E403
49 error "You cannot publish over the previously published version 0.0.2." : ethereum-address
50 error If you need help, you may report this error at:
50 error     <https://github.com/npm/npm/issues>
51 verbose exit [ 1, true ]
